<?xml version="1.0" encoding="UTF-8" ?>
<testsuite tests="52" failures="0" name="test.java.CarTest" time="0.444" errors="0" skipped="0">
  <properties>
    <property name="java.runtime.name" value="Java(TM) SE Runtime Environment"/>
    <property name="sun.boot.library.path" value="C:\Program Files\Java\jdk1.8.0_111\jre\bin"/>
    <property name="java.vm.version" value="25.111-b14"/>
    <property name="java.vm.vendor" value="Oracle Corporation"/>
    <property name="maven.multiModuleProjectDirectory" value="C:\Users\Victor\git\A2B-Project\Formula_1"/>
    <property name="java.vendor.url" value="http://java.oracle.com/"/>
    <property name="path.separator" value=";"/>
    <property name="guice.disable.misplaced.annotation.check" value="true"/>
    <property name="java.vm.name" value="Java HotSpot(TM) 64-Bit Server VM"/>
    <property name="file.encoding.pkg" value="sun.io"/>
    <property name="user.script" value=""/>
    <property name="user.country" value="US"/>
    <property name="sun.java.launcher" value="SUN_STANDARD"/>
    <property name="sun.os.patch.level" value=""/>
    <property name="java.vm.specification.name" value="Java Virtual Machine Specification"/>
    <property name="user.dir" value="C:\Users\Victor\git\A2B-Project\Formula_1"/>
    <property name="java.runtime.version" value="1.8.0_111-b14"/>
    <property name="java.awt.graphicsenv" value="sun.awt.Win32GraphicsEnvironment"/>
    <property name="java.endorsed.dirs" value="C:\Program Files\Java\jdk1.8.0_111\jre\lib\endorsed"/>
    <property name="os.arch" value="amd64"/>
    <property name="java.io.tmpdir" value="C:\Users\Victor\AppData\Local\Temp\"/>
    <property name="line.separator" value="
"/>
    <property name="java.vm.specification.vendor" value="Oracle Corporation"/>
    <property name="user.variant" value=""/>
    <property name="os.name" value="Windows 8.1"/>
    <property name="net.sourceforge.cobertura.datafile" value="C:\Users\Victor\git\A2B-Project\Formula_1\target\cobertura\cobertura.ser"/>
    <property name="classworlds.conf" value="C:\maven\bin\..\bin\m2.conf"/>
    <property name="sun.jnu.encoding" value="Cp1252"/>
    <property name="java.library.path" value="C:\Program Files\Java\jdk1.8.0_111\bin;C:\Windows\Sun\Java\bin;C:\Windows\system32;C:\Windows;C:\ProgramData\Oracle\Java\javapath;C:\Windows\system32;C:\Windows;C:\Windows\System32\Wbem;C:\Windows\System32\WindowsPowerShell\v1.0\;C:\Program Files (x86)\NVIDIA Corporation\PhysX\Common;C:\Program Files (x86)\Skype\Phone\;C:\Program Files\Java\jdk1.8.0_111;C:\maven\bin;;."/>
    <property name="java.specification.name" value="Java Platform API Specification"/>
    <property name="java.class.version" value="52.0"/>
    <property name="sun.management.compiler" value="HotSpot 64-Bit Tiered Compilers"/>
    <property name="os.version" value="6.3"/>
    <property name="user.home" value="C:\Users\Victor"/>
    <property name="user.timezone" value="Europe/Berlin"/>
    <property name="java.awt.printerjob" value="sun.awt.windows.WPrinterJob"/>
    <property name="java.specification.version" value="1.8"/>
    <property name="file.encoding" value="Cp1252"/>
    <property name="user.name" value="Victor"/>
    <property name="java.class.path" value="C:\maven\bin\..\boot\plexus-classworlds-2.5.2.jar"/>
    <property name="java.vm.specification.version" value="1.8"/>
    <property name="sun.arch.data.model" value="64"/>
    <property name="java.home" value="C:\Program Files\Java\jdk1.8.0_111\jre"/>
    <property name="sun.java.command" value="org.codehaus.plexus.classworlds.launcher.Launcher site"/>
    <property name="java.specification.vendor" value="Oracle Corporation"/>
    <property name="user.language" value="en"/>
    <property name="awt.toolkit" value="sun.awt.windows.WToolkit"/>
    <property name="java.vm.info" value="mixed mode"/>
    <property name="java.version" value="1.8.0_111"/>
    <property name="java.ext.dirs" value="C:\Program Files\Java\jdk1.8.0_111\jre\lib\ext;C:\Windows\Sun\Java\lib\ext"/>
    <property name="sun.boot.class.path" value="C:\Program Files\Java\jdk1.8.0_111\jre\lib\resources.jar;C:\Program Files\Java\jdk1.8.0_111\jre\lib\rt.jar;C:\Program Files\Java\jdk1.8.0_111\jre\lib\sunrsasign.jar;C:\Program Files\Java\jdk1.8.0_111\jre\lib\jsse.jar;C:\Program Files\Java\jdk1.8.0_111\jre\lib\jce.jar;C:\Program Files\Java\jdk1.8.0_111\jre\lib\charsets.jar;C:\Program Files\Java\jdk1.8.0_111\jre\lib\jfr.jar;C:\Program Files\Java\jdk1.8.0_111\jre\classes"/>
    <property name="sun.stderr.encoding" value="cp437"/>
    <property name="java.vendor" value="Oracle Corporation"/>
    <property name="maven.home" value="C:\maven\bin\.."/>
    <property name="file.separator" value="\"/>
    <property name="java.vendor.url.bug" value="http://bugreport.sun.com/bugreport/"/>
    <property name="sun.cpu.endian" value="little"/>
    <property name="sun.io.unicode.encoding" value="UnicodeLittle"/>
    <property name="project.build.outputDirectory" value="C:\Users\Victor\git\A2B-Project\Formula_1\target\generated-classes\cobertura"/>
    <property name="sun.stdout.encoding" value="cp437"/>
    <property name="sun.desktop" value="windows"/>
    <property name="sun.cpu.isalist" value="amd64"/>
  </properties>
  <testcase classname="test.java.CarTest" name="testUpgradeGearbox" time="0.402"/>
  <testcase classname="test.java.CarTest" name="testSetBraking" time="0"/>
  <testcase classname="test.java.CarTest" name="testUpgradeLevelLessThan5" time="0.033"/>
  <testcase classname="test.java.CarTest" name="testUpgradeEngine" time="0"/>
  <testcase classname="test.java.CarTest" name="testCurrentLevelDefault" time="0"/>
  <testcase classname="test.java.CarTest" name="testGetSpeed" time="0"/>
  <testcase classname="test.java.CarTest" name="testCurrentLevelWeightRed" time="0"/>
  <testcase classname="test.java.CarTest" name="testCurrentLevelAero" time="0"/>
  <testcase classname="test.java.CarTest" name="testCurrentLevelDown" time="0"/>
  <testcase classname="test.java.CarTest" name="testCurrentLevelSusp" time="0"/>
  <testcase classname="test.java.CarTest" name="testSetUpgrades" time="0"/>
  <testcase classname="test.java.CarTest" name="testGetUpgrades" time="0.001"/>
  <testcase classname="test.java.CarTest" name="testGetCrashChance" time="0"/>
  <testcase classname="test.java.CarTest" name="testCurrentLevelTires" time="0.001"/>
  <testcase classname="test.java.CarTest" name="testCurrentLevelEngine" time="0"/>
  <testcase classname="test.java.CarTest" name="testToString" time="0.002"/>
  <testcase classname="test.java.CarTest" name="testSetUpgradeAmountsBraking" time="0"/>
  <testcase classname="test.java.CarTest" name="testSetUpgradeAmountsWeight" time="0"/>
  <testcase classname="test.java.CarTest" name="testUpgradeLevelIMoreThan5" time="0"/>
  <testcase classname="test.java.CarTest" name="testConstructorCarAcceleration" time="0"/>
  <testcase classname="test.java.CarTest" name="testUpgradeTires" time="0"/>
  <testcase classname="test.java.CarTest" name="testConstructorCarBraking" time="0"/>
  <testcase classname="test.java.CarTest" name="testConstructorCarWeight" time="0"/>
  <testcase classname="test.java.CarTest" name="testIncrementWeight" time="0"/>
  <testcase classname="test.java.CarTest" name="testConstructorCarHandling" time="0.001"/>
  <testcase classname="test.java.CarTest" name="testSetRiskMultiplier" time="0"/>
  <testcase classname="test.java.CarTest" name="testSetUpgradeAmountsAcceleration" time="0"/>
  <testcase classname="test.java.CarTest" name="testConstructorCarSpeed" time="0"/>
  <testcase classname="test.java.CarTest" name="testUpgradeLevelIs5" time="0.003"/>
  <testcase classname="test.java.CarTest" name="testIncrementHandling" time="0"/>
  <testcase classname="test.java.CarTest" name="testGetBraking" time="0"/>
  <testcase classname="test.java.CarTest" name="testIncrementSpeed" time="0"/>
  <testcase classname="test.java.CarTest" name="testIncrementAcceleration" time="0"/>
  <testcase classname="test.java.CarTest" name="testCurrentLevelGearbox" time="0"/>
  <testcase classname="test.java.CarTest" name="testGetRiskMultiplier" time="0"/>
  <testcase classname="test.java.CarTest" name="testGetAcceleration" time="0"/>
  <testcase classname="test.java.CarTest" name="testSetHandling" time="0"/>
  <testcase classname="test.java.CarTest" name="testSetCrashChance" time="0"/>
  <testcase classname="test.java.CarTest" name="testSetWeight" time="0"/>
  <testcase classname="test.java.CarTest" name="testGetHandling" time="0.001"/>
  <testcase classname="test.java.CarTest" name="testSetUpgradeAmountsOther" time="0"/>
  <testcase classname="test.java.CarTest" name="testSetUpgradeAmountsSpeed" time="0"/>
  <testcase classname="test.java.CarTest" name="testGetWeight" time="0"/>
  <testcase classname="test.java.CarTest" name="testSetUpgradeAmountsHandling" time="0"/>
  <testcase classname="test.java.CarTest" name="testConstructorUpgrades" time="0"/>
  <testcase classname="test.java.CarTest" name="testUpgradeAero" time="0"/>
  <testcase classname="test.java.CarTest" name="testUpgradeDown" time="0"/>
  <testcase classname="test.java.CarTest" name="testUpgradeSusp" time="0"/>
  <testcase classname="test.java.CarTest" name="testIncrementBraking" time="0"/>
  <testcase classname="test.java.CarTest" name="testUpgradeWeightRed" time="0"/>
  <testcase classname="test.java.CarTest" name="testSetAcceleration" time="0"/>
  <testcase classname="test.java.CarTest" name="testSetSpeed" time="0"/>
</testsuite>